<?xml version="1.0" encoding="UTF-8"?>
<testng-results ignored="0" total="1" passed="1" failed="0" skipped="0">
  <reporter-output>
  </reporter-output>
  <suite started-at="2023-07-23T00:35:22 IST" name="Default suite" finished-at="2023-07-23T00:35:33 IST" duration-ms="11009">
    <groups>
    </groups>
    <test started-at="2023-07-23T00:35:22 IST" name="Default test" finished-at="2023-07-23T00:35:33 IST" duration-ms="11009">
      <class name="com.visualcrossing.test.HomePageTest">
        <test-method is-config="true" signature="setUp()[pri:0, instance:com.visualcrossing.test.HomePageTest@619713e5]" started-at="2023-07-23T00:35:18 IST" name="setUp" finished-at="2023-07-23T00:35:22 IST" duration-ms="3745" status="PASS">
          <reporter-output>
          </reporter-output>
        </test-method> <!-- setUp -->
        <test-method is-config="true" signature="launchApp()[pri:0, instance:com.visualcrossing.test.HomePageTest@619713e5]" started-at="2023-07-23T00:35:22 IST" name="launchApp" finished-at="2023-07-23T00:35:28 IST" duration-ms="5704" status="PASS">
          <reporter-output>
          </reporter-output>
        </test-method> <!-- launchApp -->
        <test-method signature="testSearchLocation()[pri:0, instance:com.visualcrossing.test.HomePageTest@619713e5]" started-at="2023-07-23T00:35:28 IST" name="testSearchLocation" finished-at="2023-07-23T00:35:33 IST" duration-ms="5273" status="PASS">
          <reporter-output>
          </reporter-output>
        </test-method> <!-- testSearchLocation -->
        <test-method is-config="true" signature="afterSuite()[pri:0, instance:com.visualcrossing.test.HomePageTest@619713e5]" started-at="2023-07-23T00:35:33 IST" name="afterSuite" finished-at="2023-07-23T00:35:34 IST" duration-ms="438" status="PASS">
          <reporter-output>
          </reporter-output>
        </test-method> <!-- afterSuite -->
      </class> <!-- com.visualcrossing.test.HomePageTest -->
    </test> <!-- Default test -->
  </suite> <!-- Default suite -->
</testng-results>
